<?xml version="1.0" encoding="UTF-8"?>
<testsuite xmlns:xsi="http://www.w3.org/2001/XMLSchema-instance" xsi:noNamespaceSchemaLocation="https://maven.apache.org/surefire/maven-surefire-plugin/xsd/surefire-test-report-3.0.xsd" version="3.0" name="example.APITest" time="1.909" tests="1" errors="0" skipped="0" failures="0">
  <properties>
[...]
</properties>
  <testcase name="apiTest" classname="example.APITest" time="1.695">
    <system-out><![CDATA[Response: {"success":false,"error":{"code":106,"type":"rate_limit_reached","info":"You have exceeded the maximum rate limitation allowed on your subscription plan. Please refer to the \"Rate Limits\" section of the API Documentation for details. "}}
Response: {"valid":true,"number":"14158586273","local_format":"4158586273","international_format":"+14158586273","country_prefix":"+1","country_code":"US","country_name":"United States of America","location":"Novato","carrier":"AT&T Mobility LLC","line_type":"mobile"}
Response: {"success":false,"error":{"code":106,"type":"rate_limit_reached","info":"You have exceeded the maximum rate limitation allowed on your subscription plan. Please refer to the \"Rate Limits\" section of the API Documentation for details. "}}
]]></system-out>
    <system-err><![CDATA[SLF4J: Failed to load class "org.slf4j.impl.StaticLoggerBinder".
SLF4J: Defaulting to no-operation (NOP) logger implementation
SLF4J: See http://www.slf4j.org/codes.html#StaticLoggerBinder for further details.
]]></system-err>
  </testcase>
</testsuite>