<?xml version="1.0" encoding="UTF-8"?>
<testng-results ignored="0" total="1" passed="1" failed="0" skipped="0">
  <reporter-output>
  </reporter-output>
  <suite started-at="2024-10-02T13:34:21 GMT+03:00" name="Surefire suite" finished-at="2024-10-02T13:34:23 GMT+03:00" duration-ms="1708">
    <groups>
    </groups>
    <test started-at="2024-10-02T13:34:21 GMT+03:00" name="Surefire test" finished-at="2024-10-02T13:34:23 GMT+03:00" duration-ms="1708">
      <class name="example.APITest">
        <test-method signature="apiTest()[pri:0, instance:example.APITest@53ca01a2]" started-at="2024-10-02T13:34:21 GMT+03:00" name="apiTest" finished-at="2024-10-02T13:34:23 GMT+03:00" duration-ms="1694" status="PASS">
          <reporter-output>
          </reporter-output>
        </test-method> <!-- apiTest -->
      </class> <!-- example.APITest -->
    </test> <!-- Surefire test -->
  </suite> <!-- Surefire suite -->
</testng-results>
